<?xml version="1.0" encoding="UTF-8"?>
<!-- Generated by org.testng.reporters.JUnitReportReporter -->
<testsuite hostname="admin-PC" name="AppTest" tests="1" failures="0" timestamp="26 Feb 2017 09:08:40 GMT" time="90.899" errors="0">
  <testcase name="SignUp" time="90.899" classname="AppTest"/>
</testsuite> <!-- AppTest -->
