<?xml version="1.0" encoding="UTF-8"?>
<!-- Generated by org.testng.reporters.JUnitReportReporter -->
<testsuite hostname="admin-PC" name="GmailTestCase" tests="8" failures="0" timestamp="1 Mar 2017 18:33:57 GMT" time="49.564" errors="0">
  <testcase name="PasswordValidation" time="5.674" classname="GmailTestCase"/>
  <testcase name="SignUp" time="5.916" classname="GmailTestCase"/>
  <testcase name="PasswordValidation" time="6.046" classname="GmailTestCase"/>
  <testcase name="PasswordValidation" time="8.217" classname="GmailTestCase"/>
  <testcase name="SignUp" time="5.883" classname="GmailTestCase"/>
  <testcase name="SignUp" time="5.755" classname="GmailTestCase"/>
  <testcase name="SignUp" time="5.743" classname="GmailTestCase"/>
  <testcase name="PasswordValidation" time="6.330" classname="GmailTestCase"/>
</testsuite> <!-- GmailTestCase -->
