<?xml version="1.0" encoding="UTF-8"?>
<!-- Generated by org.testng.reporters.JUnitReportReporter -->
<testsuite hostname="admin-PC" name="Bhimapp_Test" tests="1" failures="0" timestamp="19 Feb 2017 11:55:41 GMT" time="0.007" errors="0">
  <testcase name="Open_App" time="0.007" classname="Bhimapp_Test"/>
</testsuite> <!-- Bhimapp_Test -->
