<?xml version="1.0" encoding="UTF-8"?>
<!-- Generated by org.testng.reporters.JUnitReportReporter -->
<testsuite hostname="admin-PC" name="com.commonsite.test.Amazon_Test" tests="1" failures="0" timestamp="11 Feb 2017 05:02:17 GMT" time="141.759" errors="0">
  <testcase name="Project_AddCartValidation" time="141.759" classname="com.commonsite.test.Amazon_Test"/>
</testsuite> <!-- com.commonsite.test.Amazon_Test -->
